<?xml version="1.0" encoding="UTF-8"?>
<coverage generated="1656267974348" clover="3.2.0">
  <project timestamp="1656267974348" name="All files">
    <metrics statements="11" coveredstatements="10" conditionals="4" coveredconditionals="3" methods="3" coveredmethods="3" elements="18" coveredelements="16" complexity="0" loc="11" ncloc="11" packages="1" files="1" classes="1"/>
    <file name="loginValidation.js" path="/home/alex/Documentos/projetos_da_trybe/Repositorio_trybe_turma-23/trybe-exercicios/Fundamentos/bloco-7-introducao-a-javascript-ES6-e-testes-unitarios/dia-3-primeiros-passos-em-jest/exercicios comum/ex03/loginValidation.js">
      <metrics statements="11" coveredstatements="10" conditionals="4" coveredconditionals="3" methods="3" coveredmethods="3"/>
      <line num="2" count="1" type="stmt"/>
      <line num="3" count="1" type="stmt"/>
      <line num="6" count="1" type="stmt"/>
      <line num="7" count="2" type="stmt"/>
      <line num="10" count="1" type="stmt"/>
      <line num="15" count="1" type="stmt"/>
      <line num="16" count="1" type="cond" truecount="3" falsecount="1"/>
      <line num="17" count="0" type="stmt"/>
      <line num="19" count="1" type="stmt"/>
      <line num="23" count="1" type="stmt"/>
      <line num="25" count="1" type="stmt"/>
    </file>
  </project>
</coverage>
